{
  "RSpec": {
    "coverage": {
      "/home/stephen/set_list/app/models/song.rb": {
        "lines": [
          1,
          null
        ]
      },
      "/home/stephen/set_list/app/models/application_record.rb": {
        "lines": [
          1,
          1,
          null
        ]
      },
      "/home/stephen/set_list/app/controllers/songs_controller.rb": {
        "lines": [
          1,
          1,
          1,
          null,
          null
        ]
      },
      "/home/stephen/set_list/app/controllers/application_controller.rb": {
        "lines": [
          1,
          null
        ]
      }
    },
    "timestamp": 1588281111
  }
}
